[23.09.2024 14:06:58] Обнаружение процессов браузера... 
[23.09.2024 14:06:59] Ожижание следующей итерации (1 мин)
[23.09.2024 14:07:59] Обнаружение процессов браузера... 17 aктивных процессов
	- Вывод предупреждения+
	- Ожидание 10 сек
[23.09.2024 14:08:10] Сигнал прерывания от пользователя не обнаружен. Завершение сессии
Killing: 10012
Killing: 3676
Killing: 6260
Killing: 10768
Killing: 132
Killing: 8036
Killing: 9696
Killing: 4972
Killing: 11488
Killing: 9892
Killing: 4668
Killing: 11068
Killing: 9780
Killing: 11604
Killing: 220
Killing: 11184
Killing: 12024
[23.09.2024 14:08:11] Ожижание следующей итерации (1 мин)
[23.09.2024 14:34:11] Обнаружение процессов браузера... 27 aктивных процессов
	- Вывод предупреждения
	- Ожидание 10 сек
[23.09.2024 14:43:05] Обнаружение процессов браузера... 9 aктивных процессов
	- Вывод предупреждения
	- Ожидание 10 сек
[23.09.2024 14:45:56] Обнаружение процессов браузера... 9 aктивных процессов
	- Вывод предупреждения
	- Ожидание 10 сек
[23.09.2024 14:50:00] Обнаружение процессов браузера... 9 aктивных процессов
	- Вывод предупреждения
	- Ожидание 10 сек
[23.09.2024 14:50:11] Сессия востановлена пользователем
[23.09.2024 14:50:11] Ожидание следующей итерации (1 мин)
[23.09.2024 14:51:11] Обнаружение процессов браузера... 9 aктивных процессов
	- Вывод предупреждения
	- Ожидание 10 сек
[23.09.2024 14:51:22] Сигнал прерывания от пользователя не обнаружен. Завершение сессии
Killing: 3732
Killing: 7472
Killing: 10640
Killing: 10976
Killing: 11168
Killing: 11916
Killing: 6872
Killing: 8644
Killing: 11240
[23.09.2024 14:51:23] Ожидание следующей итерации (1 мин)
[23.09.2024 14:52:23] Обнаружение процессов браузера... 11 aктивных процессов
	- Вывод предупреждения
	- Ожидание 10 сек
[23.09.2024 14:52:34] Сигнал прерывания от пользователя не обнаружен. Завершение сессии
Killing: 11016
Killing: 7496
Killing: 2244
Killing: 7532
Killing: 9796
Killing: 10148
Killing: 11308
Killing: 8924
Killing: 6888
Killing: 10924
Killing: 12220
[23.09.2024 14:52:35] Ожидание следующей итерации (1 мин)
[23.09.2024 14:53:35] Обнаружение процессов браузера... 13 aктивных процессов
	- Вывод предупреждения
	- Ожидание 10 сек
[23.09.2024 14:53:47] Сигнал прерывания от пользователя не обнаружен. Завершение сессии
Killing: 1452
Killing: 9872
Killing: 8028
Killing: 4396
Killing: 8276
Killing: 8644
Killing: 7928
Killing: 8704
Killing: 10080
Killing: 9128
Killing: 6656
Killing: 11504
Killing: 4488
[23.09.2024 14:53:48] Ожидание следующей итерации (1 мин)
[23.09.2024 14:54:48] Обнаружение процессов браузера... 17 aктивных процессов
	- Вывод предупреждения
	- Ожидание 10 сек
[23.09.2024 14:54:59] Сигнал прерывания от пользователя не обнаружен. Завершение сессии
Killing: 11464
Killing: 6928
Killing: 1252
Killing: 8796
Killing: 11968
Killing: 9084
Killing: 11296
Killing: 7048
Killing: 1040
Killing: 5708
Killing: 11716
Killing: 5612
Killing: 4316
Killing: 12072
Killing: 6036
Killing: 10424
Killing: 9940
[23.09.2024 14:55:02] Ожидание следующей итерации (1 мин)
[23.09.2024 14:56:02] Обнаружение процессов браузера... 18 aктивных процессов
	- Вывод предупреждения
	- Ожидание 10 сек
[23.09.2024 14:56:14] Сигнал прерывания от пользователя не обнаружен. Завершение сессии
Killing: 12088
Killing: 1036
Killing: 4076
Killing: 4500
Killing: 11512
Killing: 9676
Killing: 1728
Killing: 11592
Killing: 11484
Killing: 11232
Killing: 2336
Killing: 4408
Killing: 11560
Killing: 11752
Killing: 7516
Killing: 4020
Killing: 2796
Killing: 944
[23.09.2024 14:56:17] Ожидание следующей итерации (1 мин)
[23.09.2024 14:57:17] Обнаружение процессов браузера... 13 aктивных процессов
	- Вывод предупреждения
	- Ожидание 10 сек
[23.09.2024 14:57:28] Сигнал прерывания от пользователя не обнаружен. Завершение сессии
Killing: 4572
Killing: 7408
Killing: 9280
Killing: 10632
Killing: 508
Killing: 9244
Killing: 11748
Killing: 9128
Killing: 12008
Killing: 11076
Killing: 7496
Killing: 12216
Killing: 5832
[23.09.2024 14:57:30] Ожидание следующей итерации (1 мин)
[23.09.2024 14:58:30] Обнаружение процессов браузера... 14 aктивных процессов
	- Вывод предупреждения
	- Ожидание 10 сек
[23.09.2024 14:58:40] Сигнал прерывания от пользователя не обнаружен. Завершение сессии
Killing: 8608
Killing: 8684
Killing: 6104
Killing: 10912
Killing: 9832
Killing: 5808
Killing: 9100
Killing: 4732
Killing: 11100
Killing: 2076
Killing: 11864
Killing: 10568
Killing: 11688
Killing: 8092
[23.09.2024 14:58:42] Ожидание следующей итерации (1 мин)
[23.09.2024 15:04:40] Обнаружение процессов браузера... [23.09.2024 15:04:40] Ожидание следующей итерации (1 мин)
[23.09.2024 15:05:40] Обнаружение процессов браузера... 20 aктивных процессов
	- Вывод предупреждения
	- Ожидание 10 сек
[23.09.2024 15:05:51] Сигнал прерывания от пользователя не обнаружен. Завершение сессии
Killing: 11564
Killing: 4764
Killing: 5712
Killing: 9844
Killing: 10060
Killing: 8512
Killing: 6860
Killing: 11168
Killing: 12100
Killing: 4872
Killing: 7972
Killing: 11760
Killing: 9728
Killing: 10448
Killing: 8568
Killing: 5268
Killing: 8404
Killing: 7088
Killing: 12000
Killing: 10908
[23.09.2024 15:05:54] Ожидание следующей итерации (1 мин)
[23.09.2024 15:14:56] Обнаружение процессов браузера... 18 aктивных процессов
	- Вывод предупреждения
	- Ожидание 10 сек
[23.09.2024 15:15:07] Сессия востановлена пользователем
[23.09.2024 15:15:07] Ожидание следующей итерации (1 мин)
[23.09.2024 15:16:07] Обнаружение процессов браузера... 14 aктивных процессов
	- Вывод предупреждения
	- Ожидание 10 сек
[23.09.2024 15:16:18] Сессия востановлена пользователем
[23.09.2024 15:16:18] Ожидание следующей итерации (1 мин)
[23.09.2024 15:17:18] Обнаружение процессов браузера... 15 aктивных процессов
	- Вывод предупреждения
	- Ожидание 10 сек
[23.09.2024 15:17:43] Обнаружение процессов браузера... 15 aктивных процессов
	- Вывод предупреждения
	- Ожидание 10 сек
[23.09.2024 15:17:54] Сессия востановлена пользователем
[23.09.2024 15:17:54] Ожидание следующей итерации (1 мин)
[23.09.2024 15:18:54] Обнаружение процессов браузера... 14 aктивных процессов
	- Вывод предупреждения
	- Ожидание 10 сек
[23.09.2024 15:19:05] Сигнал прерывания от пользователя не обнаружен. Завершение сессии
Killing: 8172
Killing: 8848
Killing: 11224
Killing: 1196
Killing: 6008
Killing: 12052
Killing: 7476
Killing: 10812
Killing: 7872
Killing: 10764
Killing: 8464
Killing: 1812
Killing: 2520
Killing: 7712
[23.09.2024 15:19:06] Ожидание следующей итерации (1 мин)
[23.09.2024 15:20:00] Обнаружение процессов браузера... 
[23.09.2024 15:20:00] Ожидание следующей итерации (1 мин)
[23.09.2024 15:21:00] Обнаружение процессов браузера... 13 aктивных процессов
	- Вывод предупреждения
	- Ожидание 10 сек
[23.09.2024 15:21:11] Сигнал прерывания от пользователя не обнаружен. Завершение сессии
Killing: 504
Killing: 3392
Killing: 6520
Killing: 11064
Killing: 8376
Killing: 6208
Killing: 10056
Killing: 9132
Killing: 7964
Killing: 9660
Killing: 11568
Killing: 10848
Killing: 11972
[23.09.2024 15:21:13] Ожидание следующей итерации (1 мин)
[23.09.2024 15:24:14] Обнаружение процессов браузера... [23.09.2024 15:24:15] Ожидание следующей итерации (1 мин)
[23.09.2024 15:25:15] Обнаружение процессов браузера... [23.09.2024 15:25:16] Ожидание следующей итерации (1 мин)
[23.09.2024 15:26:16] Обнаружение процессов браузера... 11 aктивных процессов
	- Вывод предупреждения
	- Ожидание 10 сек
[23.09.2024 15:26:27] Сигнал прерывания от пользователя не обнаружен. Завершение сессии
Killing: 8712
Killing: 4032
Killing: 11056
Killing: 11496
Killing: 11848
Killing: 6608
Killing: 6880
Killing: 8412
Killing: 7540
Killing: 12188
Killing: 2100
[23.09.2024 15:26:28] Ожидание следующей итерации (1 мин)
[23.09.2024 15:27:28] Обнаружение процессов браузера... [23.09.2024 15:27:29] Ожидание следующей итерации (1 мин)
[23.09.2024 15:28:29] Обнаружение процессов браузера... 13 aктивных процессов
	- Вывод предупреждения
	- Ожидание 10 сек
[23.09.2024 15:28:39] Сигнал прерывания от пользователя не обнаружен. Завершение сессии
Killing: 11840
Killing: 3748
Killing: 10096
Killing: 7992
Killing: 2292
Killing: 7776
Killing: 2732
Killing: 2492
Killing: 3132
Killing: 8292
Killing: 12160
Killing: 11200
Killing: 4000
[23.09.2024 15:28:41] Ожидание следующей итерации (1 мин)
[23.09.2024 15:29:41] Обнаружение процессов браузера... 12 aктивных процессов
	- Вывод предупреждения
	- Ожидание 10 сек
[23.09.2024 15:29:52] Сессия востановлена пользователем
[23.09.2024 15:29:52] Ожидание следующей итерации (1 мин)
[23.09.2024 15:30:52] Обнаружение процессов браузера... 11 aктивных процессов
	- Вывод предупреждения
	- Ожидание 10 сек
[23.09.2024 15:31:02] Сессия востановлена пользователем
[23.09.2024 15:31:02] Ожидание следующей итерации (1 мин)
[23.09.2024 15:32:02] Обнаружение процессов браузера... 11 aктивных процессов
	- Вывод предупреждения
	- Ожидание 10 сек
[23.09.2024 15:32:13] Сессия востановлена пользователем
[23.09.2024 15:32:13] Ожидание следующей итерации (1 мин)
[23.09.2024 15:33:13] Обнаружение процессов браузера... 12 aктивных процессов
	- Вывод предупреждения
	- Ожидание 10 сек
[23.09.2024 15:33:24] Сессия востановлена пользователем
[23.09.2024 15:33:24] Ожидание следующей итерации (1 мин)
[23.09.2024 15:34:24] Обнаружение процессов браузера... 18 aктивных процессов
	- Вывод предупреждения
	- Ожидание 10 сек
[23.09.2024 15:34:35] Сигнал прерывания от пользователя не обнаружен. Завершение сессии
Killing: 7676
Killing: 9912
Killing: 10540
Killing: 10708
Killing: 12112
Killing: 8128
Killing: 7400
Killing: 12076
Killing: 240
Killing: 7932
Killing: 6468
Killing: 6580
Killing: 11952
Killing: 6172
Killing: 10280
Killing: 8492
Killing: 1100
Killing: 11504
[23.09.2024 15:34:37] Ожидание следующей итерации (1 мин)
[25.09.2024 12:34:29] Обнаружение процессов браузера... 6 aктивных процессов
	- Вывод предупреждения
	- Ожидание 10 сек
[25.09.2024 12:34:39] Сессия востановлена пользователем
[25.09.2024 12:34:39] Ожидание следующей итерации (1 мин)
[25.09.2024 12:35:39] Обнаружение процессов браузера... 6 aктивных процессов
	- Вывод предупреждения
	- Ожидание 10 сек
[25.09.2024 12:35:49] Сигнал прерывания от пользователя не обнаружен. Завершение сессии
Killing: 1180
Killing: 3824
Killing: 3504
Killing: 2176
Killing: 1016
Killing: 2444
[25.09.2024 12:35:49] Ожидание следующей итерации (1 мин)
[25.09.2024 12:36:49] Обнаружение процессов браузера... 
[25.09.2024 12:36:49] Ожидание следующей итерации (1 мин)
[25.09.2024 12:37:49] Обнаружение процессов браузера... 
[25.09.2024 12:37:49] Ожидание следующей итерации (1 мин)
[25.09.2024 12:38:49] Обнаружение процессов браузера... 
[25.09.2024 12:38:49] Ожидание следующей итерации (1 мин)
[25.09.2024 12:39:49] Обнаружение процессов браузера... 12 aктивных процессов
	- Вывод предупреждения
	- Ожидание 10 сек
[25.09.2024 12:40:00] Сигнал прерывания от пользователя не обнаружен. Завершение сессии
Killing: 3740
Killing: 2732
Killing: 2212
Killing: 1708
Killing: 2704
Killing: 1608
Killing: 2536
Killing: 2252
Killing: 3668
Killing: 2720
Killing: 1588
Killing: 2268
[25.09.2024 12:40:00] Ожидание следующей итерации (1 мин)
[25.09.2024 12:41:00] Обнаружение процессов браузера... 12 aктивных процессов
	- Вывод предупреждения
	- Ожидание 10 сек
[25.09.2024 12:41:10] Сигнал прерывания от пользователя не обнаружен. Завершение сессии
Killing: 3968
Killing: 2860
Killing: 3116
Killing: 2840
Killing: 3564
Killing: 2776
Killing: 2188
Killing: 2660
Killing: 3984
Killing: 4036
Killing: 2588
Killing: 684
[25.09.2024 12:41:10] Ожидание следующей итерации (1 мин)
[25.09.2024 12:42:10] Обнаружение процессов браузера... 13 aктивных процессов
	- Вывод предупреждения
	- Ожидание 10 сек
[25.09.2024 12:42:21] Сигнал прерывания от пользователя не обнаружен. Завершение сессии
Killing: 3288
Killing: 3908
Killing: 3728
Killing: 2016
Killing: 936
Killing: 3136
Killing: 3236
Killing: 776
Killing: 2708
Killing: 3348
Killing: 2264
Killing: 4000
Killing: 3972
[25.09.2024 12:42:22] Ожидание следующей итерации (1 мин)
[25.09.2024 12:43:22] Обнаружение процессов браузера... 14 aктивных процессов
	- Вывод предупреждения
	- Ожидание 10 сек
[25.09.2024 12:43:32] Сессия востановлена пользователем
[25.09.2024 12:43:32] Ожидание следующей итерации (1 мин)
[25.09.2024 12:44:32] Обнаружение процессов браузера... 15 aктивных процессов
	- Вывод предупреждения
	- Ожидание 10 сек
[25.09.2024 12:44:43] Сессия востановлена пользователем
[25.09.2024 12:44:43] Ожидание следующей итерации (1 мин)
[25.09.2024 14:01:16] Обнаружение процессов браузера... 7 aктивных процессов
	- Вывод предупреждения
	- Ожидание 10 сек
[25.09.2024 14:01:27] Сигнал прерывания от пользователя не обнаружен. Завершение сессии
Killing: 2816
Killing: 3180
Killing: 2176
Killing: 776
Killing: 2704
Killing: 3296
Killing: 3576
[25.09.2024 14:01:27] Ожидание следующей итерации (1 мин)
[25.09.2024 14:01:55] Обнаружение процессов браузера... 
[25.09.2024 14:01:55] Ожидание следующей итерации (1 мин)
[25.09.2024 14:02:55] Обнаружение процессов браузера... 10 aктивных процессов
	- Вывод предупреждения
	- Ожидание 10 сек
[25.09.2024 14:03:05] Сессия востановлена пользователем
[25.09.2024 14:03:05] Ожидание следующей итерации (1 мин)
[25.09.2024 14:04:05] Обнаружение процессов браузера... 10 aктивных процессов
	- Вывод предупреждения
	- Ожидание 10 сек
[25.09.2024 14:04:15] Сигнал прерывания от пользователя не обнаружен. Завершение сессии
Killing: 2008
Killing: 3412
Killing: 2308
Killing: 3216
Killing: 2748
Killing: 4044
Killing: 1672
Killing: 2924
Killing: 2156
Killing: 3124
[25.09.2024 14:04:15] Ожидание следующей итерации (1 мин)
[25.09.2024 14:04:43] Обнаружение процессов браузера... 16 aктивных процессов
	- Вывод предупреждения
	- Ожидание 10 сек
[25.09.2024 14:04:53] Сигнал прерывания от пользователя не обнаружен. Завершение сессии
Killing: 1768
Killing: 2804
Killing: 1220
Killing: 1764
Killing: 3476
Killing: 2056
Killing: 2996
Killing: 2364
Killing: 2708
Killing: 2740
Killing: 2564
Killing: 3336
Killing: 3684
Killing: 3176
Killing: 2224
Killing: 780
[25.09.2024 14:04:53] Ожидание следующей итерации (1 мин)
===== СЛУЖБА ПЕРЕЗАПУЩЕНА =====
[25.09.2024 16:12:05]Запуск с параметрами:
	bin=C:\SessionControl\bin
	log=C:\SessionControl\session.log
[25.09.2024 16:12:06] Обнаружение процессов браузера... 6 aктивных процессов
	- Вывод предупреждения
	- Ожидание 10 сек
[25.09.2024 16:12:16] Сигнал прерывания от пользователя не обнаружен. Завершение сессии
Killing: 3592
Killing: 3464
Killing: 3428
Killing: 1036
Killing: 5092
Killing: 1076
[25.09.2024 16:12:16] Ожидание следующей итерации (1 мин)
[25.09.2024 16:13:16] Обнаружение процессов браузера... 14 aктивных процессов
	- Вывод предупреждения
	- Ожидание 10 сек
[25.09.2024 16:13:27] Сигнал прерывания от пользователя не обнаружен. Завершение сессии
Killing: 560
Killing: 4264
Killing: 3600
Killing: 4800
Killing: 4988
Killing: 3468
Killing: 4364
Killing: 4140
Killing: 1316
Killing: 5096
Killing: 1764
Killing: 5080
Killing: 1432
Killing: 4220
[25.09.2024 16:13:27] Ожидание следующей итерации (1 мин)
[25.09.2024 16:14:27] Обнаружение процессов браузера... 14 aктивных процессов
	- Вывод предупреждения
	- Ожидание 10 сек
[25.09.2024 16:14:37] Сессия востановлена пользователем
[25.09.2024 16:14:37] Ожидание следующей итерации (1 мин)
[25.09.2024 16:15:37] Обнаружение процессов браузера... 17 aктивных процессов
	- Вывод предупреждения
	- Ожидание 10 сек
[25.09.2024 16:15:47] Сессия востановлена пользователем
[25.09.2024 16:15:47] Ожидание следующей итерации (1 мин)
[25.09.2024 16:16:47] Обнаружение процессов браузера... 16 aктивных процессов
	- Вывод предупреждения
	- Ожидание 10 сек
[25.09.2024 16:16:57] Сессия востановлена пользователем
[25.09.2024 16:16:57] Ожидание следующей итерации (1 мин)
[25.09.2024 16:17:57] Обнаружение процессов браузера... 21 aктивных процессов
	- Вывод предупреждения
	- Ожидание 10 сек
[25.09.2024 16:18:08] Сессия востановлена пользователем
[25.09.2024 16:18:08] Ожидание следующей итерации (1 мин)
[25.09.2024 16:19:08] Обнаружение процессов браузера... 19 aктивных процессов
	- Вывод предупреждения
	- Ожидание 10 сек
[25.09.2024 16:19:18] Сессия востановлена пользователем
[25.09.2024 16:19:18] Ожидание следующей итерации (1 мин)
[25.09.2024 16:20:18] Обнаружение процессов браузера... 19 aктивных процессов
	- Вывод предупреждения
	- Ожидание 10 сек
[25.09.2024 16:20:28] Сессия востановлена пользователем
[25.09.2024 16:20:28] Ожидание следующей итерации (1 мин)
[25.09.2024 16:21:28] Обнаружение процессов браузера... 16 aктивных процессов
	- Вывод предупреждения
	- Ожидание 10 сек
[25.09.2024 16:21:38] Сигнал прерывания от пользователя не обнаружен. Завершение сессии
Killing: 2220
Killing: 2472
Killing: 4448
Killing: 1576
Killing: 3368
Killing: 1752
Killing: 4464
Killing: 3044
Killing: 5068
Killing: 2868
Killing: 2256
Killing: 4440
Killing: 4668
Killing: 988
Killing: 4496
Killing: 1664
[25.09.2024 16:21:38] Ожидание следующей итерации (1 мин)
[25.09.2024 16:22:38] Обнаружение процессов браузера... 13 aктивных процессов
	- Вывод предупреждения
	- Ожидание 10 сек
[25.09.2024 16:22:48] Сессия востановлена пользователем
[25.09.2024 16:22:48] Ожидание следующей итерации (1 мин)
[25.09.2024 16:23:48] Обнаружение процессов браузера... 13 aктивных процессов
	- Вывод предупреждения
	- Ожидание 10 сек
[25.09.2024 16:23:59] Сигнал прерывания от пользователя не обнаружен. Завершение сессии
Killing: 3260
Killing: 2568
Killing: 4176
Killing: 4356
Killing: 4156
Killing: 1808
Killing: 4544
Killing: 3724
Killing: 3980
Killing: 1360
Killing: 1664
Killing: 584
Killing: 4560
[25.09.2024 16:23:59] Ожидание следующей итерации (1 мин)
[25.09.2024 16:24:59] Обнаружение процессов браузера... 12 aктивных процессов
	- Вывод предупреждения
	- Ожидание 10 сек
[25.09.2024 16:25:09] Сессия востановлена пользователем
[25.09.2024 16:25:09] Ожидание следующей итерации (1 мин)
[25.09.2024 16:26:09] Обнаружение процессов браузера... 16 aктивных процессов
	- Вывод предупреждения
	- Ожидание 10 сек
[25.09.2024 16:26:19] Сессия востановлена пользователем
[25.09.2024 16:26:19] Ожидание следующей итерации (1 мин)
[25.09.2024 16:27:19] Обнаружение процессов браузера... 16 aктивных процессов
	- Вывод предупреждения
	- Ожидание 10 сек
[25.09.2024 16:27:29] Сигнал прерывания от пользователя не обнаружен. Завершение сессии
Killing: 4980
Killing: 2448
Killing: 1752
Killing: 1660
Killing: 772
Killing: 2460
Killing: 4408
Killing: 3856
Killing: 1496
Killing: 3336
Killing: 1036
Killing: 3036
Killing: 3652
Killing: 2644
Killing: 3908
Killing: 5072
[25.09.2024 16:27:29] Ожидание следующей итерации (1 мин)
[25.09.2024 16:28:29] Обнаружение процессов браузера... 
[25.09.2024 16:28:29] Ожидание следующей итерации (1 мин)
[25.09.2024 16:29:29] Обнаружение процессов браузера... 
[25.09.2024 16:29:29] Ожидание следующей итерации (1 мин)
[25.09.2024 16:30:29] Обнаружение процессов браузера... 
[25.09.2024 16:30:30] Ожидание следующей итерации (1 мин)
[25.09.2024 16:31:30] Обнаружение процессов браузера... 
[25.09.2024 16:31:30] Ожидание следующей итерации (1 мин)
[25.09.2024 16:32:30] Обнаружение процессов браузера... 
[25.09.2024 16:32:30] Ожидание следующей итерации (1 мин)
[25.09.2024 16:33:30] Обнаружение процессов браузера... 
[25.09.2024 16:33:30] Ожидание следующей итерации (1 мин)
[25.09.2024 16:34:30] Обнаружение процессов браузера... 
[25.09.2024 16:34:30] Ожидание следующей итерации (1 мин)
[25.09.2024 16:35:30] Обнаружение процессов браузера... 14 aктивных процессов
	- Вывод предупреждения
	- Ожидание 10 сек
[25.09.2024 16:35:40] Сигнал прерывания от пользователя не обнаружен. Завершение сессии
Killing: 4264
Killing: 4488
Killing: 2676
Killing: 4648
Killing: 1556
Killing: 3648
Killing: 5116
Killing: 4220
Killing: 4072
Killing: 1516
Killing: 556
Killing: 3752
Killing: 900
Killing: 2416
[25.09.2024 16:35:40] Ожидание следующей итерации (1 мин)
[25.09.2024 16:36:40] Обнаружение процессов браузера... 
[25.09.2024 16:36:40] Ожидание следующей итерации (1 мин)
[25.09.2024 16:37:40] Обнаружение процессов браузера... 17 aктивных процессов
	- Вывод предупреждения
	- Ожидание 10 сек
[25.09.2024 16:37:51] Сессия востановлена пользователем
[25.09.2024 16:37:51] Ожидание следующей итерации (1 мин)
[25.09.2024 16:38:51] Обнаружение процессов браузера... 18 aктивных процессов
	- Вывод предупреждения
	- Ожидание 10 сек
[25.09.2024 16:39:01] Сигнал прерывания от пользователя не обнаружен. Завершение сессии
Killing: 2704
Killing: 2136
Killing: 2980
Killing: 2316
Killing: 4348
Killing: 4436
Killing: 3608
Killing: 4872
Killing: 3032
Killing: 4056
Killing: 5032
Killing: 2964
Killing: 2184
Killing: 2616
Killing: 3524
Killing: 2404
Killing: 3736
Killing: 2432
[25.09.2024 16:39:01] Ожидание следующей итерации (1 мин)
===== СЛУЖБА ПЕРЕЗАПУЩЕНА =====
[25.09.2024 17:50:36]Запуск с параметрами:
	bin=C:\SessionControl\bin
	log=C:\SessionControl\session.log
[25.09.2024 17:50:36] Обнаружение процессов браузера... 15 aктивных процессов
	- Вывод предупреждения
	- Ожидание 10 сек
[25.09.2024 17:50:47] Сессия востановлена пользователем
[25.09.2024 17:50:47] Ожидание следующей итерации (1 мин)
[25.09.2024 17:51:47] Обнаружение процессов браузера... 15 aктивных процессов
	- Вывод предупреждения
	- Ожидание 10 сек
[25.09.2024 17:51:57] Сессия востановлена пользователем
[25.09.2024 17:51:57] Ожидание следующей итерации (1 мин)
[25.09.2024 17:52:57] Обнаружение процессов браузера... 15 aктивных процессов
	- Вывод предупреждения
	- Ожидание 10 сек
[25.09.2024 17:53:07] Сигнал прерывания от пользователя не обнаружен. Завершение сессии
Killing: 2964
Killing: 3192
Killing: 4696
Killing: 3788
Killing: 1660
Killing: 2180
Killing: 2624
Killing: 2836
Killing: 1052
Killing: 4652
Killing: 4856
Killing: 5060
Killing: 3128
Killing: 3556
Killing: 3440
[25.09.2024 17:53:07] Ожидание следующей итерации (1 мин)
[25.09.2024 17:54:07] Обнаружение процессов браузера... 
[25.09.2024 17:54:07] Ожидание следующей итерации (1 мин)
[25.09.2024 17:55:07] Обнаружение процессов браузера... 
[25.09.2024 17:55:07] Ожидание следующей итерации (1 мин)
[25.09.2024 17:56:07] Обнаружение процессов браузера... 
[25.09.2024 17:56:07] Ожидание следующей итерации (1 мин)
[25.09.2024 17:57:07] Обнаружение процессов браузера... 
[25.09.2024 17:57:08] Ожидание следующей итерации (1 мин)
[25.09.2024 17:58:08] Обнаружение процессов браузера... 
[25.09.2024 17:58:08] Ожидание следующей итерации (1 мин)
[25.09.2024 17:59:08] Обнаружение процессов браузера... 
[25.09.2024 17:59:08] Ожидание следующей итерации (1 мин)
[25.09.2024 18:00:08] Обнаружение процессов браузера... 
[25.09.2024 18:00:08] Ожидание следующей итерации (1 мин)
===== СЛУЖБА ПЕРЕЗАПУЩЕНА =====
[26.09.2024 14:20:06]Запуск с параметрами:
	bin=C:\SessionControl\bin
	log=C:\SessionControl\session.log
[26.09.2024 14:20:06] Обнаружение процессов браузера... 12 aктивных процессов
	- Вывод предупреждения
	- Ожидание 10 сек
[26.09.2024 14:20:16] Сигнал прерывания от пользователя не обнаружен. Завершение сессии
Killing: 4212
Killing: 3704
Killing: 4040
Killing: 3084
Killing: 1140
Killing: 1952
Killing: 1552
Killing: 5004
Killing: 4408
Killing: 464
Killing: 1860
Killing: 3336
[26.09.2024 14:20:16] Ожидание следующей итерации (1 мин)
[26.09.2024 14:21:16] Обнаружение процессов браузера... 11 aктивных процессов
	- Вывод предупреждения
	- Ожидание 10 сек
[26.09.2024 14:21:27] Сессия востановлена пользователем
[26.09.2024 14:21:27] Ожидание следующей итерации (1 мин)
[26.09.2024 14:22:27] Обнаружение процессов браузера... 12 aктивных процессов
	- Вывод предупреждения
	- Ожидание 10 сек
[26.09.2024 14:22:37] Сессия востановлена пользователем
[26.09.2024 14:22:37] Ожидание следующей итерации (1 мин)
[26.09.2024 14:23:37] Обнаружение процессов браузера... 13 aктивных процессов
	- Вывод предупреждения
	- Ожидание 10 сек
[26.09.2024 14:23:47] Сигнал прерывания от пользователя не обнаружен. Завершение сессии
Killing: 3800
Killing: 1916
Killing: 728
Killing: 3672
Killing: 4640
Killing: 3056
Killing: 3528
Killing: 3340
Killing: 4456
Killing: 1028
Killing: 3896
Killing: 2632
Killing: 2540
[26.09.2024 14:23:47] Ожидание следующей итерации (1 мин)
[26.09.2024 14:24:47] Обнаружение процессов браузера... 
[26.09.2024 14:24:47] Ожидание следующей итерации (1 мин)
[26.09.2024 14:25:47] Обнаружение процессов браузера... 
[26.09.2024 14:25:47] Ожидание следующей итерации (1 мин)
[26.09.2024 14:26:47] Обнаружение процессов браузера... 
[26.09.2024 14:26:47] Ожидание следующей итерации (1 мин)
[26.09.2024 14:27:47] Обнаружение процессов браузера... 18 aктивных процессов
	- Вывод предупреждения
	- Ожидание 10 сек
[26.09.2024 14:27:57] Сигнал прерывания от пользователя не обнаружен. Завершение сессии
Killing: 3540
Killing: 2500
Killing: 2376
Killing: 5096
Killing: 4052
Killing: 4952
Killing: 464
Killing: 4408
Killing: 4452
Killing: 2520
Killing: 992
Killing: 408
Killing: 4596
Killing: 1940
Killing: 3208
Killing: 5068
Killing: 4984
Killing: 3512
[26.09.2024 14:27:58] Ожидание следующей итерации (1 мин)
[26.09.2024 14:28:58] Обнаружение процессов браузера... 16 aктивных процессов
	- Вывод предупреждения
	- Ожидание 10 сек
[26.09.2024 14:29:09] Сигнал прерывания от пользователя не обнаружен. Завершение сессии
Killing: 2384
Killing: 4568
Killing: 3076
Killing: 3652
Killing: 4984
Killing: 1056
Killing: 2468
Killing: 2988
Killing: 4992
Killing: 1744
Killing: 4384
Killing: 4580
Killing: 3368
Killing: 3560
Killing: 464
Killing: 956
[26.09.2024 14:29:09] Ожидание следующей итерации (1 мин)
[26.09.2024 14:30:09] Обнаружение процессов браузера... 2 aктивных процессов
	- Вывод предупреждения
	- Ожидание 10 сек
[26.09.2024 14:30:19] Сигнал прерывания от пользователя не обнаружен. Завершение сессии
Killing: 1440
Killing: 1172
[26.09.2024 14:30:19] Ожидание следующей итерации (1 мин)

===== СЛУЖБА ПЕРЕЗАПУЩЕНА =====

[27.09.2024 9:18:38]Запуск с параметрами:

	bin=C:\SessionControl\bin

	log=C:\SessionControl\session.log

[27.09.2024 9:18:38] Обнаружение процессов браузера... 

[27.09.2024 9:18:38] Ожидание следующей итерации (1 мин)

[27.09.2024 9:19:38] Обнаружение процессов браузера... 10 aктивных процессов

	- Вывод предупреждения

	- Ожидание 10 сек

[27.09.2024 9:19:48] Сигнал прерывания от пользователя не обнаружен. Завершение сессии
Killing: 3416
Killing: 3236
Killing: 2948
Killing: 2540
Killing: 2372
Killing: 3344
Killing: 900
Killing: 112
Killing: 1516
Killing: 3692
[27.09.2024 9:19:49] Ожидание следующей итерации (1 мин)
[27.09.2024 9:20:49] Обнаружение процессов браузера... 7 aктивных процессов
	- Вывод предупреждения
	- Ожидание 10 сек
[27.09.2024 9:20:59] Сигнал прерывания от пользователя не обнаружен. Завершение сессии
Killing: 2540
Killing: 2284
Killing: 3400
Killing: 2532
Killing: 3040
Killing: 3964
Killing: 1408
[27.09.2024 9:20:59] Ожидание следующей итерации (1 мин)
[27.09.2024 9:21:59] Обнаружение процессов браузера... 14 aктивных процессов
	- Вывод предупреждения
	- Ожидание 10 сек
[27.09.2024 9:22:09] Сигнал прерывания от пользователя не обнаружен. Завершение сессии

Killing: 2312

Killing: 3544

Killing: 632

Killing: 3952

Killing: 3656

Killing: 2744

Killing: 200

Killing: 2088

Killing: 2600

Killing: 3400

Killing: 1164

Killing: 1452

Killing: 2324

Killing: 3332

[27.09.2024 9:22:09] Ожидание следующей итерации (1 мин)

[27.09.2024 9:23:09] Обнаружение процессов браузера... 11 aктивных процессов

	- Вывод предупреждения

	- Ожидание 10 сек

[27.09.2024 9:23:19] Сигнал прерывания от пользователя не обнаружен. Завершение сессии

Killing: 3356

Killing: 2628

Killing: 3252

Killing: 2684

Killing: 2072

Killing: 3368

Killing: 1056

Killing: 3800

Killing: 2972

Killing: 3500

Killing: 3320

[27.09.2024 9:23:19] Ожидание следующей итерации (1 мин)

[30.09.2024 16:21:10] Обнаружение процессов браузера... 
[30.09.2024 16:21:10] Ожидание следующей итерации (1 мин)
[30.09.2024 16:22:10] Обнаружение процессов браузера... 
[30.09.2024 16:22:11] Ожидание следующей итерации (1 мин)
[30.09.2024 16:23:11] Обнаружение процессов браузера... 
[30.09.2024 16:23:11] Ожидание следующей итерации (1 мин)
[30.09.2024 16:24:11] Обнаружение процессов браузера... 
[30.09.2024 16:24:11] Ожидание следующей итерации (1 мин)
[30.09.2024 16:25:11] Обнаружение процессов браузера... 
[30.09.2024 16:25:11] Ожидание следующей итерации (1 мин)
===== СЛУЖБА ПЕРЕЗАПУЩЕНА =====
[30.09.2024 16:26:28]Запуск с параметрами:
	bin=C:\SessionControl\bin
	log=C:\SessionControl\session.log
[30.09.2024 16:26:28] Обнаружение процессов браузера... 
[30.09.2024 16:26:28] Ожидание следующей итерации (1 мин)
[30.09.2024 16:27:28] Обнаружение процессов браузера... 12 aктивных процессов
	- Вывод предупреждения
	- Ожидание 10 сек
[30.09.2024 16:27:38] Сессия востановлена пользователем
[30.09.2024 16:27:38] Ожидание следующей итерации (1 мин)
[30.09.2024 16:28:38] Обнаружение процессов браузера... 11 aктивных процессов
	- Вывод предупреждения
	- Ожидание 10 сек
[30.09.2024 16:28:49] Сессия востановлена пользователем
[30.09.2024 16:28:49] Ожидание следующей итерации (1 мин)
[30.09.2024 16:29:49] Обнаружение процессов браузера... 11 aктивных процессов
	- Вывод предупреждения
	- Ожидание 10 сек
[30.09.2024 16:29:59] Сессия востановлена пользователем
[30.09.2024 16:29:59] Ожидание следующей итерации (1 мин)
[30.09.2024 16:30:59] Обнаружение процессов браузера... 11 aктивных процессов
	- Вывод предупреждения
	- Ожидание 10 сек
[30.09.2024 16:31:09] Сессия востановлена пользователем
[30.09.2024 16:31:09] Ожидание следующей итерации (1 мин)
===== СЛУЖБА ПЕРЕЗАПУЩЕНА =====
[30.09.2024 16:32:47]Запуск с параметрами:
	bin=C:\SessionControl\bin
	log=C:\SessionControl\session.log
[30.09.2024 16:32:47] Обнаружение процессов браузера... 6 aктивных процессов
	- Вывод предупреждения
	- Ожидание 10 сек
[30.09.2024 16:32:59] Сигнал прерывания от пользователя не обнаружен. Завершение сессии
Killing: 2536
Killing: 2604
Killing: 2940
Killing: 2948
Killing: 2148
Killing: 2384
[30.09.2024 16:32:59] Ожидание следующей итерации (1 мин)
[30.09.2024 16:33:59] Обнаружение процессов браузера... 
[30.09.2024 16:33:59] Ожидание следующей итерации (1 мин)
[30.09.2024 16:34:59] Обнаружение процессов браузера... 10 aктивных процессов
	- Вывод предупреждения
	- Ожидание 10 сек
[30.09.2024 16:35:09] Сигнал прерывания от пользователя не обнаружен. Завершение сессии
Killing: 3320
Killing: 3516
Killing: 3328
Killing: 3304
Killing: 2960
Killing: 2788
Killing: 2820
Killing: 2852
Killing: 3468
Killing: 3752
[30.09.2024 16:35:10] Ожидание следующей итерации (1 мин)
[30.09.2024 16:36:10] Обнаружение процессов браузера... 
[30.09.2024 16:36:10] Ожидание следующей итерации (1 мин)
[30.09.2024 16:37:10] Обнаружение процессов браузера... 
[30.09.2024 16:37:10] Ожидание следующей итерации (1 мин)
[30.09.2024 16:38:10] Обнаружение процессов браузера... 
[30.09.2024 16:38:10] Ожидание следующей итерации (1 мин)
[30.09.2024 16:39:10] Обнаружение процессов браузера... 
[30.09.2024 16:39:10] Ожидание следующей итерации (1 мин)
[30.09.2024 16:40:10] Обнаружение процессов браузера... 
[30.09.2024 16:40:10] Ожидание следующей итерации (1 мин)
[30.09.2024 16:41:10] Обнаружение процессов браузера... 
[30.09.2024 16:41:10] Ожидание следующей итерации (1 мин)
[30.09.2024 16:42:10] Обнаружение процессов браузера... 
[30.09.2024 16:42:10] Ожидание следующей итерации (1 мин)
[30.09.2024 16:43:10] Обнаружение процессов браузера... 
[30.09.2024 16:43:10] Ожидание следующей итерации (1 мин)
[30.09.2024 16:44:10] Обнаружение процессов браузера... 
[30.09.2024 16:44:10] Ожидание следующей итерации (1 мин)
[30.09.2024 16:45:11] Обнаружение процессов браузера... 
[30.09.2024 16:45:11] Ожидание следующей итерации (1 мин)
[30.09.2024 16:46:11] Обнаружение процессов браузера... 
[30.09.2024 16:46:11] Ожидание следующей итерации (1 мин)
[30.09.2024 16:47:11] Обнаружение процессов браузера... 
[30.09.2024 16:47:11] Ожидание следующей итерации (1 мин)
[30.09.2024 16:48:11] Обнаружение процессов браузера... 
[30.09.2024 16:48:11] Ожидание следующей итерации (1 мин)
[30.09.2024 16:49:11] Обнаружение процессов браузера... 
[30.09.2024 16:49:11] Ожидание следующей итерации (1 мин)
[30.09.2024 16:50:11] Обнаружение процессов браузера... 
[30.09.2024 16:50:11] Ожидание следующей итерации (1 мин)
[30.09.2024 16:51:11] Обнаружение процессов браузера... 
[30.09.2024 16:51:11] Ожидание следующей итерации (1 мин)
[30.09.2024 16:52:11] Обнаружение процессов браузера... 
[30.09.2024 16:52:11] Ожидание следующей итерации (1 мин)
[30.09.2024 16:53:11] Обнаружение процессов браузера... 
[30.09.2024 16:53:11] Ожидание следующей итерации (1 мин)
[30.09.2024 16:54:11] Обнаружение процессов браузера... 
[30.09.2024 16:54:12] Ожидание следующей итерации (1 мин)
[30.09.2024 16:55:12] Обнаружение процессов браузера... 
[30.09.2024 16:55:12] Ожидание следующей итерации (1 мин)
[30.09.2024 16:56:12] Обнаружение процессов браузера... 
[30.09.2024 16:56:12] Ожидание следующей итерации (1 мин)
[30.09.2024 16:57:12] Обнаружение процессов браузера... 
[30.09.2024 16:57:12] Ожидание следующей итерации (1 мин)
[30.09.2024 16:58:12] Обнаружение процессов браузера... 
[30.09.2024 16:58:12] Ожидание следующей итерации (1 мин)
[30.09.2024 16:59:12] Обнаружение процессов браузера... 
[30.09.2024 16:59:12] Ожидание следующей итерации (1 мин)
[30.09.2024 17:00:12] Обнаружение процессов браузера... 
[30.09.2024 17:00:12] Ожидание следующей итерации (1 мин)
[30.09.2024 17:01:12] Обнаружение процессов браузера... 
[30.09.2024 17:01:12] Ожидание следующей итерации (1 мин)
[30.09.2024 17:02:12] Обнаружение процессов браузера... 
[30.09.2024 17:02:12] Ожидание следующей итерации (1 мин)
[30.09.2024 17:03:12] Обнаружение процессов браузера... 
[30.09.2024 17:03:13] Ожидание следующей итерации (1 мин)
[30.09.2024 17:04:13] Обнаружение процессов браузера... 
[30.09.2024 17:04:13] Ожидание следующей итерации (1 мин)
[30.09.2024 17:05:13] Обнаружение процессов браузера... 
[30.09.2024 17:05:13] Ожидание следующей итерации (1 мин)
[30.09.2024 17:06:13] Обнаружение процессов браузера... 
[30.09.2024 17:06:13] Ожидание следующей итерации (1 мин)
[30.09.2024 17:07:13] Обнаружение процессов браузера... 
[30.09.2024 17:07:13] Ожидание следующей итерации (1 мин)
[30.09.2024 17:08:13] Обнаружение процессов браузера... 
[30.09.2024 17:08:13] Ожидание следующей итерации (1 мин)
[30.09.2024 17:09:13] Обнаружение процессов браузера... 
[30.09.2024 17:09:13] Ожидание следующей итерации (1 мин)
[30.09.2024 17:10:13] Обнаружение процессов браузера... 
[30.09.2024 17:10:13] Ожидание следующей итерации (1 мин)
[30.09.2024 17:11:13] Обнаружение процессов браузера... 
[30.09.2024 17:11:14] Ожидание следующей итерации (1 мин)
[30.09.2024 17:12:14] Обнаружение процессов браузера... 
[30.09.2024 17:12:14] Ожидание следующей итерации (1 мин)
[30.09.2024 17:13:14] Обнаружение процессов браузера... 
[30.09.2024 17:13:14] Ожидание следующей итерации (1 мин)
[30.09.2024 17:14:14] Обнаружение процессов браузера... 
[30.09.2024 17:14:14] Ожидание следующей итерации (1 мин)
[30.09.2024 17:15:14] Обнаружение процессов браузера... 
[30.09.2024 17:15:14] Ожидание следующей итерации (1 мин)
[30.09.2024 17:16:14] Обнаружение процессов браузера... 
[30.09.2024 17:16:14] Ожидание следующей итерации (1 мин)
[30.09.2024 17:17:14] Обнаружение процессов браузера... 
[30.09.2024 17:17:14] Ожидание следующей итерации (1 мин)
[30.09.2024 17:18:14] Обнаружение процессов браузера... 9 aктивных процессов
	- Вывод предупреждения
	- Ожидание 10 сек
[30.09.2024 17:18:24] Сигнал прерывания от пользователя не обнаружен. Завершение сессии
Killing: 2688
Killing: 2608
Killing: 1900
Killing: 1428
Killing: 1208
Killing: 4044
Killing: 984
Killing: 112
Killing: 1392
[30.09.2024 17:18:24] Ожидание следующей итерации (1 мин)
[30.09.2024 17:19:24] Обнаружение процессов браузера... 9 aктивных процессов
	- Вывод предупреждения
	- Ожидание 10 сек
[30.09.2024 17:19:35] Сигнал прерывания от пользователя не обнаружен. Завершение сессии
Killing: 3896
Killing: 3000
Killing: 3228
Killing: 656
Killing: 3276
Killing: 932
Killing: 2728
Killing: 3268
Killing: 3656
[30.09.2024 17:19:35] Ожидание следующей итерации (1 мин)
[30.09.2024 17:20:35] Обнаружение процессов браузера... 
[30.09.2024 17:20:35] Ожидание следующей итерации (1 мин)
[30.09.2024 17:21:35] Обнаружение процессов браузера... 
[30.09.2024 17:21:35] Ожидание следующей итерации (1 мин)
[30.09.2024 17:22:35] Обнаружение процессов браузера... 
[30.09.2024 17:22:35] Ожидание следующей итерации (1 мин)
[30.09.2024 17:23:35] Обнаружение процессов браузера... 
[30.09.2024 17:23:35] Ожидание следующей итерации (1 мин)
[30.09.2024 17:24:35] Обнаружение процессов браузера... 
[30.09.2024 17:24:35] Ожидание следующей итерации (1 мин)
[30.09.2024 17:25:35] Обнаружение процессов браузера... 
[30.09.2024 17:25:35] Ожидание следующей итерации (1 мин)
[30.09.2024 17:26:35] Обнаружение процессов браузера... 
[30.09.2024 17:26:35] Ожидание следующей итерации (1 мин)
[30.09.2024 17:27:35] Обнаружение процессов браузера... 
[30.09.2024 17:27:36] Ожидание следующей итерации (1 мин)
[30.09.2024 17:28:36] Обнаружение процессов браузера... 
[30.09.2024 17:28:36] Ожидание следующей итерации (1 мин)
[30.09.2024 17:29:36] Обнаружение процессов браузера... 
[30.09.2024 17:29:36] Ожидание следующей итерации (1 мин)
[30.09.2024 17:30:36] Обнаружение процессов браузера... 
[30.09.2024 17:30:36] Ожидание следующей итерации (1 мин)
[30.09.2024 17:31:36] Обнаружение процессов браузера... 
[30.09.2024 17:31:36] Ожидание следующей итерации (1 мин)
[30.09.2024 17:32:36] Обнаружение процессов браузера... 
[30.09.2024 17:32:36] Ожидание следующей итерации (1 мин)
[30.09.2024 17:33:36] Обнаружение процессов браузера... 
[30.09.2024 17:33:36] Ожидание следующей итерации (1 мин)
[30.09.2024 17:34:36] Обнаружение процессов браузера... 
[30.09.2024 17:34:36] Ожидание следующей итерации (1 мин)
[30.09.2024 17:35:36] Обнаружение процессов браузера... 
[30.09.2024 17:35:36] Ожидание следующей итерации (1 мин)
[30.09.2024 17:36:36] Обнаружение процессов браузера... 
[30.09.2024 17:36:37] Ожидание следующей итерации (1 мин)
[30.09.2024 17:37:37] Обнаружение процессов браузера... 
[30.09.2024 17:37:37] Ожидание следующей итерации (1 мин)
[30.09.2024 17:38:37] Обнаружение процессов браузера... 
[30.09.2024 17:38:37] Ожидание следующей итерации (1 мин)
[30.09.2024 17:39:37] Обнаружение процессов браузера... 
[30.09.2024 17:39:37] Ожидание следующей итерации (1 мин)
[30.09.2024 17:40:37] Обнаружение процессов браузера... 
[30.09.2024 17:40:37] Ожидание следующей итерации (1 мин)
[30.09.2024 17:41:37] Обнаружение процессов браузера... 
[30.09.2024 17:41:37] Ожидание следующей итерации (1 мин)
[30.09.2024 17:42:37] Обнаружение процессов браузера... 
[30.09.2024 17:42:37] Ожидание следующей итерации (1 мин)
[30.09.2024 17:43:37] Обнаружение процессов браузера... 
[30.09.2024 17:43:37] Ожидание следующей итерации (1 мин)
[30.09.2024 17:44:37] Обнаружение процессов браузера... 
[30.09.2024 17:44:37] Ожидание следующей итерации (1 мин)
[30.09.2024 17:45:37] Обнаружение процессов браузера... 
[30.09.2024 17:45:37] Ожидание следующей итерации (1 мин)
[30.09.2024 17:46:37] Обнаружение процессов браузера... 
[30.09.2024 17:46:38] Ожидание следующей итерации (1 мин)
[30.09.2024 17:47:38] Обнаружение процессов браузера... 
[30.09.2024 17:47:38] Ожидание следующей итерации (1 мин)
[30.09.2024 17:48:38] Обнаружение процессов браузера... 
[30.09.2024 17:48:38] Ожидание следующей итерации (1 мин)
[30.09.2024 17:49:38] Обнаружение процессов браузера... 
[30.09.2024 17:49:38] Ожидание следующей итерации (1 мин)
[30.09.2024 17:50:38] Обнаружение процессов браузера... 
[30.09.2024 17:50:38] Ожидание следующей итерации (1 мин)
[30.09.2024 17:51:38] Обнаружение процессов браузера... 
[30.09.2024 17:51:38] Ожидание следующей итерации (1 мин)
[30.09.2024 17:52:38] Обнаружение процессов браузера... 
[30.09.2024 17:52:38] Ожидание следующей итерации (1 мин)
[30.09.2024 17:53:38] Обнаружение процессов браузера... 
[30.09.2024 17:53:38] Ожидание следующей итерации (1 мин)
[30.09.2024 17:54:38] Обнаружение процессов браузера... 
[30.09.2024 17:54:38] Ожидание следующей итерации (1 мин)
[30.09.2024 17:55:38] Обнаружение процессов браузера... 
[30.09.2024 17:55:38] Ожидание следующей итерации (1 мин)
[30.09.2024 17:56:38] Обнаружение процессов браузера... 
[30.09.2024 17:56:39] Ожидание следующей итерации (1 мин)
[30.09.2024 17:57:39] Обнаружение процессов браузера... 
[30.09.2024 17:57:39] Ожидание следующей итерации (1 мин)
[30.09.2024 17:58:39] Обнаружение процессов браузера... 
[30.09.2024 17:58:39] Ожидание следующей итерации (1 мин)
                                                                                                                                                                                                                                                                                                                                                                             ===== СЛУЖБА ПЕРЕЗАПУЩЕНА =====
[04.10.2024 5:09:13]Запуск с параметрами:
	bin=C:\SessionControl\bin
	log=C:\SessionControl\session.log
[04.10.2024 5:09:14] Обнаружение процессов браузера... 2 aктивных процессов
	- Вывод предупреждения
	- Ожидание 10 сек
[04.10.2024 5:09:25] Сигнал прерывания от пользователя не обнаружен. Завершение сессии
Killing: 2228
Killing: 2348
[04.10.2024 5:09:25] Ожидание следующей итерации (1 мин)
[04.10.2024 5:10:25] Обнаружение процессов браузера... 
[04.10.2024 5:10:25] Ожидание следующей итерации (1 мин)
[04.10.2024 5:11:25] Обнаружение процессов браузера... 
[04.10.2024 5:11:25] Ожидание следующей итерации (1 мин)
[04.10.2024 5:12:25] Обнаружение процессов браузера... 
[04.10.2024 5:12:25] Ожидание следующей итерации (1 мин)
[04.10.2024 5:13:25] Обнаружение процессов браузера... 
[04.10.2024 5:13:25] Ожидание следующей итерации (1 мин)
[04.10.2024 5:14:25] Обнаружение процессов браузера... 
[04.10.2024 5:14:25] Ожидание следующей итерации (1 мин)
[04.10.2024 5:15:25] Обнаружение процессов браузера... 
[04.10.2024 5:15:25] Ожидание следующей итерации (1 мин)
[04.10.2024 5:16:25] Обнаружение процессов браузера... 
[04.10.2024 5:16:25] Ожидание следующей итерации (1 мин)
[04.10.2024 5:17:26] Обнаружение процессов браузера... 
[04.10.2024 5:17:26] Ожидание следующей итерации (1 мин)
[04.10.2024 5:18:26] Обнаружение процессов браузера... 
[04.10.2024 5:18:26] Ожидание следующей итерации (1 мин)
[04.10.2024 5:19:26] Обнаружение процессов браузера... 
[04.10.2024 5:19:26] Ожидание следующей итерации (1 мин)
[04.10.2024 5:20:26] Обнаружение процессов браузера... 
[04.10.2024 5:20:26] Ожидание следующей итерации (1 мин)
[04.10.2024 5:21:26] Обнаружение процессов браузера... 
[04.10.2024 5:21:26] Ожидание следующей итерации (1 мин)
[04.10.2024 5:22:26] Обнаружение процессов браузера... 
[04.10.2024 5:22:26] Ожидание следующей итерации (1 мин)
[04.10.2024 5:23:26] Обнаружение процессов браузера... 
[04.10.2024 5:23:26] Ожидание следующей итерации (1 мин)
[04.10.2024 5:24:26] Обнаружение процессов браузера... 
[04.10.2024 5:24:26] Ожидание следующей итерации (1 мин)
[04.10.2024 5:25:26] Обнаружение процессов браузера... 
[04.10.2024 5:25:26] Ожидание следующей итерации (1 мин)
[04.10.2024 5:26:26] Обнаружение процессов браузера... 
[04.10.2024 5:26:26] Ожидание следующей итерации (1 мин)
[04.10.2024 5:27:26] Обнаружение процессов браузера... 
[04.10.2024 5:27:27] Ожидание следующей итерации (1 мин)
[04.10.2024 5:28:27] Обнаружение процессов браузера... 
[04.10.2024 5:28:27] Ожидание следующей итерации (1 мин)
[04.10.2024 5:29:27] Обнаружение процессов браузера... 
[04.10.2024 5:29:27] Ожидание следующей итерации (1 мин)
[04.10.2024 5:30:27] Обнаружение процессов браузера... 
[04.10.2024 5:30:27] Ожидание следующей итерации (1 мин)
[04.10.2024 5:31:27] Обнаружение процессов браузера... 
[04.10.2024 5:31:27] Ожидание следующей итерации (1 мин)
[04.10.2024 5:32:27] Обнаружение процессов браузера... 
[04.10.2024 5:32:27] Ожидание следующей итерации (1 мин)
[04.10.2024 5:33:27] Обнаружение процессов браузера... 
[04.10.2024 5:33:27] Ожидание следующей итерации (1 мин)
[04.10.2024 5:34:27] Обнаружение процессов браузера... 
[04.10.2024 5:34:27] Ожидание следующей итерации (1 мин)
[04.10.2024 5:35:27] Обнаружение процессов браузера... 
[04.10.2024 5:35:27] Ожидание следующей итерации (1 мин)
[04.10.2024 5:36:27] Обнаружение процессов браузера... 
[04.10.2024 5:36:28] Ожидание следующей итерации (1 мин)
[04.10.2024 5:37:28] Обнаружение процессов браузера... 
[04.10.2024 5:37:28] Ожидание следующей итерации (1 мин)
[04.10.2024 5:38:28] Обнаружение процессов браузера... 
[04.10.2024 5:38:28] Ожидание следующей итерации (1 мин)
[04.10.2024 5:39:28] Обнаружение процессов браузера... 
[04.10.2024 5:39:28] Ожидание следующей итерации (1 мин)
[04.10.2024 5:40:28] Обнаружение процессов браузера... 
[04.10.2024 5:40:28] Ожидание следующей итерации (1 мин)
[04.10.2024 5:41:28] Обнаружение процессов браузера... 
[04.10.2024 5:41:28] Ожидание следующей итерации (1 мин)
[04.10.2024 5:42:28] Обнаружение процессов браузера... 
[04.10.2024 5:42:28] Ожидание следующей итерации (1 мин)
[04.10.2024 5:43:28] Обнаружение процессов браузера... 
[04.10.2024 5:43:28] Ожидание следующей итерации (1 мин)
[04.10.2024 5:44:28] Обнаружение процессов браузера... 
[04.10.2024 5:44:28] Ожидание следующей итерации (1 мин)
[04.10.2024 5:45:28] Обнаружение процессов браузера... 
[04.10.2024 5:45:28] Ожидание следующей итерации (1 мин)
[04.10.2024 5:46:28] Обнаружение процессов браузера... 
[04.10.2024 5:46:29] Ожидание следующей итерации (1 мин)
[04.10.2024 5:47:29] Обнаружение процессов браузера... 
[04.10.2024 5:47:29] Ожидание следующей итерации (1 мин)
[04.10.2024 5:48:29] Обнаружение процессов браузера... 
[04.10.2024 5:48:29] Ожидание следующей итерации (1 мин)
[04.10.2024 5:49:29] Обнаружение процессов браузера... 
[04.10.2024 5:49:29] Ожидание следующей итерации (1 мин)
[04.10.2024 5:50:29] Обнаружение процессов браузера... 
[04.10.2024 5:50:29] Ожидание следующей итерации (1 мин)
[04.10.2024 5:51:29] Обнаружение процессов браузера... 
[04.10.2024 5:51:29] Ожидание следующей итерации (1 мин)
[04.10.2024 5:52:29] Обнаружение процессов браузера... 
[04.10.2024 5:52:29] Ожидание следующей итерации (1 мин)
[04.10.2024 5:53:29] Обнаружение процессов браузера... 
[04.10.2024 5:53:29] Ожидание следующей итерации (1 мин)
[04.10.2024 5:54:29] Обнаружение процессов браузера... 
[04.10.2024 5:54:29] Ожидание следующей итерации (1 мин)
[04.10.2024 5:55:29] Обнаружение процессов браузера... 
[04.10.2024 5:55:30] Ожидание следующей итерации (1 мин)
[04.10.2024 5:56:30] Обнаружение процессов браузера... 
[04.10.2024 5:56:30] Ожидание следующей итерации (1 мин)
[04.10.2024 5:57:30] Обнаружение процессов браузера... 
[04.10.2024 5:57:30] Ожидание следующей итерации (1 мин)
[04.10.2024 5:58:30] Обнаружение процессов браузера... 
[04.10.2024 5:58:30] Ожидание следующей итерации (1 мин)
[04.10.2024 5:59:30] Обнаружение процессов браузера... 
[04.10.2024 5:59:30] Ожидание следующей итерации (1 мин)
[04.10.2024 6:00:30] Обнаружение процессов браузера... 
[04.10.2024 6:00:30] Ожидание следующей итерации (1 мин)
[04.10.2024 6:01:30] Обнаружение процессов браузера... 
[04.10.2024 6:01:30] Ожидание следующей итерации (1 мин)
[04.10.2024 6:02:30] Обнаружение процессов браузера... 
[04.10.2024 6:02:30] Ожидание следующей итерации (1 мин)
[04.10.2024 6:03:30] Обнаружение процессов браузера... 
[04.10.2024 6:03:30] Ожидание следующей итерации (1 мин)
[04.10.2024 6:04:30] Обнаружение процессов браузера... 
[04.10.2024 6:04:31] Ожидание следующей итерации (1 мин)
[04.10.2024 6:05:31] Обнаружение процессов браузера... 
[04.10.2024 6:05:31] Ожидание следующей итерации (1 мин)
[04.10.2024 6:06:31] Обнаружение процессов браузера... 
[04.10.2024 6:06:31] Ожидание следующей итерации (1 мин)
[04.10.2024 6:07:31] Обнаружение процессов браузера... 
[04.10.2024 6:07:31] Ожидание следующей итерации (1 мин)
[04.10.2024 6:08:31] Обнаружение процессов браузера... 
[04.10.2024 6:08:31] Ожидание следующей итерации (1 мин)
[04.10.2024 6:09:31] Обнаружение процессов браузера... 
[04.10.2024 6:09:31] Ожидание следующей итерации (1 мин)
[04.10.2024 6:10:31] Обнаружение процессов браузера... 
[04.10.2024 6:10:31] Ожидание следующей итерации (1 мин)
[04.10.2024 6:11:31] Обнаружение процессов браузера... 
[04.10.2024 6:11:31] Ожидание следующей итерации (1 мин)
[04.10.2024 6:12:31] Обнаружение процессов браузера... 
[04.10.2024 6:12:31] Ожидание следующей итерации (1 мин)
[04.10.2024 6:13:31] Обнаружение процессов браузера... 
[04.10.2024 6:13:31] Ожидание следующей итерации (1 мин)
[04.10.2024 6:14:31] Обнаружение процессов браузера... 
[04.10.2024 6:14:32] Ожидание следующей итерации (1 мин)
[04.10.2024 6:15:32] Обнаружение процессов браузера... 
[04.10.2024 6:15:32] Ожидание следующей итерации (1 мин)
[04.10.2024 6:16:32] Обнаружение процессов браузера... 
[04.10.2024 6:16:32] Ожидание следующей итерации (1 мин)
[04.10.2024 6:17:32] Обнаружение процессов браузера... 
[04.10.2024 6:17:32] Ожидание следующей итерации (1 мин)
[04.10.2024 6:18:32] Обнаружение процессов браузера... 
[04.10.2024 6:18:32] Ожидание следующей итерации (1 мин)
[04.10.2024 6:19:32] Обнаружение процессов браузера... 
[04.10.2024 6:19:32] Ожидание следующей итерации (1 мин)
[04.10.2024 6:20:32] Обнаружение процессов браузера... 
[04.10.2024 6:20:32] Ожидание следующей итерации (1 мин)
[04.10.2024 6:21:32] Обнаружение процессов браузера... 
[04.10.2024 6:21:32] Ожидание следующей итерации (1 мин)
[04.10.2024 6:22:32] Обнаружение процессов браузера... 
[04.10.2024 6:22:32] Ожидание следующей итерации (1 мин)
[04.10.2024 6:23:32] Обнаружение процессов браузера... 
[04.10.2024 6:23:32] Ожидание следующей итерации (1 мин)
[04.10.2024 6:24:32] Обнаружение процессов браузера... 
[04.10.2024 6:24:33] Ожидание следующей итерации (1 мин)
[04.10.2024 6:25:33] Обнаружение процессов браузера... 
[04.10.2024 6:25:33] Ожидание следующей итерации (1 мин)
[04.10.2024 6:26:33] Обнаружение процессов браузера... 
[04.10.2024 6:26:33] Ожидание следующей итерации (1 мин)
[04.10.2024 6:27:33] Обнаружение процессов браузера... 
[04.10.2024 6:27:33] Ожидание следующей итерации (1 мин)
[04.10.2024 6:28:33] Обнаружение процессов браузера... 
[04.10.2024 6:28:33] Ожидание следующей итерации (1 мин)
[04.10.2024 6:29:33] Обнаружение процессов браузера... 
[04.10.2024 6:29:33] Ожидание следующей итерации (1 мин)
[04.10.2024 6:30:33] Обнаружение процессов браузера... 
[04.10.2024 6:30:33] Ожидание следующей итерации (1 мин)
[04.10.2024 6:31:33] Обнаружение процессов браузера... 
[04.10.2024 6:31:33] Ожидание следующей итерации (1 мин)
[04.10.2024 6:32:33] Обнаружение процессов браузера... 
[04.10.2024 6:32:33] Ожидание следующей итерации (1 мин)
[04.10.2024 6:33:33] Обнаружение процессов браузера... 
[04.10.2024 6:33:33] Ожидание следующей итерации (1 мин)
[04.10.2024 6:34:33] Обнаружение процессов браузера... 
[04.10.2024 6:34:33] Ожидание следующей итерации (1 мин)
[04.10.2024 6:35:33] Обнаружение процессов браузера... 
[04.10.2024 6:35:34] Ожидание следующей итерации (1 мин)
[04.10.2024 6:36:34] Обнаружение процессов браузера... 
[04.10.2024 6:36:34] Ожидание следующей итерации (1 мин)
[04.10.2024 6:37:34] Обнаружение процессов браузера... 
[04.10.2024 6:37:34] Ожидание следующей итерации (1 мин)
[04.10.2024 6:38:34] Обнаружение процессов браузера... 
[04.10.2024 6:38:34] Ожидание следующей итерации (1 мин)
[04.10.2024 6:39:34] Обнаружение процессов браузера... 
[04.10.2024 6:39:34] Ожидание следующей итерации (1 мин)
[04.10.2024 6:40:34] Обнаружение процессов браузера... 
[04.10.2024 6:40:34] Ожидание следующей итерации (1 мин)
[04.10.2024 6:41:34] Обнаружение процессов браузера... 
[04.10.2024 6:41:34] Ожидание следующей итерации (1 мин)
[04.10.2024 6:42:34] Обнаружение процессов браузера... 
[04.10.2024 6:42:34] Ожидание следующей итерации (1 мин)
[04.10.2024 6:43:34] Обнаружение процессов браузера... 
[04.10.2024 6:43:34] Ожидание следующей итерации (1 мин)
[04.10.2024 6:44:34] Обнаружение процессов браузера... 
[04.10.2024 6:44:34] Ожидание следующей итерации (1 мин)
[04.10.2024 6:45:34] Обнаружение процессов браузера... 
[04.10.2024 6:45:35] Ожидание следующей итерации (1 мин)
[04.10.2024 6:46:35] Обнаружение процессов браузера... 
[04.10.2024 6:46:35] Ожидание следующей итерации (1 мин)
[04.10.2024 6:47:35] Обнаружение процессов браузера... 
[04.10.2024 6:47:35] Ожидание следующей итерации (1 мин)
[04.10.2024 6:48:35] Обнаружение процессов браузера... 
[04.10.2024 6:48:35] Ожидание следующей итерации (1 мин)
[04.10.2024 6:49:35] Обнаружение процессов браузера... 
[04.10.2024 6:49:35] Ожидание следующей итерации (1 мин)
[04.10.2024 6:50:35] Обнаружение процессов браузера... 
[04.10.2024 6:50:35] Ожидание следующей итерации (1 мин)
[04.10.2024 6:51:35] Обнаружение процессов браузера... 
[04.10.2024 6:51:35] Ожидание следующей итерации (1 мин)
[04.10.2024 6:52:35] Обнаружение процессов браузера... 
[04.10.2024 6:52:35] Ожидание следующей итерации (1 мин)
[04.10.2024 6:53:35] Обнаружение процессов браузера... 
[04.10.2024 6:53:35] Ожидание следующей итерации (1 мин)
[04.10.2024 6:54:35] Обнаружение процессов браузера... 
[04.10.2024 6:54:35] Ожидание следующей итерации (1 мин)
[04.10.2024 6:55:35] Обнаружение процессов браузера... 
[04.10.2024 6:55:36] Ожидание следующей итерации (1 мин)
[04.10.2024 6:56:36] Обнаружение процессов браузера... 
[04.10.2024 6:56:36] Ожидание следующей итерации (1 мин)
[04.10.2024 6:57:36] Обнаружение процессов браузера... 
[04.10.2024 6:57:36] Ожидание следующей итерации (1 мин)
[04.10.2024 6:58:36] Обнаружение процессов браузера... 
[04.10.2024 6:58:36] Ожидание следующей итерации (1 мин)
[04.10.2024 6:59:36] Обнаружение процессов браузера... 
[04.10.2024 6:59:36] Ожидание следующей итерации (1 мин)
[04.10.2024 7:00:36] Обнаружение процессов браузера... 
[04.10.2024 7:00:36] Ожидание следующей итерации (1 мин)
[04.10.2024 7:01:36] Обнаружение процессов браузера... 
[04.10.2024 7:01:36] Ожидание следующей итерации (1 мин)
[04.10.2024 7:02:36] Обнаружение процессов браузера... 
[04.10.2024 7:02:36] Ожидание следующей итерации (1 мин)
[04.10.2024 7:03:36] Обнаружение процессов браузера... 
[04.10.2024 7:03:36] Ожидание следующей итерации (1 мин)
[04.10.2024 7:04:36] Обнаружение процессов браузера... 
[04.10.2024 7:04:37] Ожидание следующей итерации (1 мин)
[04.10.2024 7:05:37] Обнаружение процессов браузера... 
[04.10.2024 7:05:37] Ожидание следующей итерации (1 мин)
[04.10.2024 7:06:37] Обнаружение процессов браузера... 
[04.10.2024 7:06:37] Ожидание следующей итерации (1 мин)
[04.10.2024 7:07:37] Обнаружение процессов браузера... 
[04.10.2024 7:07:37] Ожидание следующей итерации (1 мин)
[04.10.2024 7:08:37] Обнаружение процессов браузера... 
[04.10.2024 7:08:37] Ожидание следующей итерации (1 мин)
[04.10.2024 7:09:37] Обнаружение процессов браузера... 
[04.10.2024 7:09:37] Ожидание следующей итерации (1 мин)
[04.10.2024 7:10:37] Обнаружение процессов браузера... 
[04.10.2024 7:10:37] Ожидание следующей итерации (1 мин)
[04.10.2024 7:11:37] Обнаружение процессов браузера... 
[04.10.2024 7:11:37] Ожидание следующей итерации (1 мин)
[04.10.2024 7:12:37] Обнаружение процессов браузера... 
[04.10.2024 7:12:37] Ожидание следующей итерации (1 мин)
[04.10.2024 7:13:37] Обнаружение процессов браузера... 
[04.10.2024 7:13:37] Ожидание следующей итерации (1 мин)
[04.10.2024 7:14:37] Обнаружение процессов браузера... 
[04.10.2024 7:14:38] Ожидание следующей итерации (1 мин)
[04.10.2024 7:15:38] Обнаружение процессов браузера... 
[04.10.2024 7:15:38] Ожидание следующей итерации (1 мин)
[04.10.2024 7:16:38] Обнаружение процессов браузера... 
[04.10.2024 7:16:38] Ожидание следующей итерации (1 мин)
[04.10.2024 7:17:38] Обнаружение процессов браузера... 
[04.10.2024 7:17:38] Ожидание следующей итерации (1 мин)
[04.10.2024 7:18:38] Обнаружение процессов браузера... 
[04.10.2024 7:18:38] Ожидание следующей итерации (1 мин)
[04.10.2024 7:19:38] Обнаружение процессов браузера... 
[04.10.2024 7:19:38] Ожидание следующей итерации (1 мин)
[04.10.2024 7:20:38] Обнаружение процессов браузера... 
[04.10.2024 7:20:38] Ожидание следующей итерации (1 мин)
[04.10.2024 7:21:38] Обнаружение процессов браузера... 
[04.10.2024 7:21:38] Ожидание следующей итерации (1 мин)
[04.10.2024 7:22:38] Обнаружение процессов браузера... 
[04.10.2024 7:22:38] Ожидание следующей итерации (1 мин)
[04.10.2024 7:23:38] Обнаружение процессов браузера... 
[04.10.2024 7:23:38] Ожидание следующей итерации (1 мин)
[04.10.2024 7:24:38] Обнаружение процессов браузера... 
[04.10.2024 7:24:38] Ожидание следующей итерации (1 мин)
[04.10.2024 7:25:38] Обнаружение процессов браузера... 
[04.10.2024 7:25:39] Ожидание следующей итерации (1 мин)
[04.10.2024 7:26:39] Обнаружение процессов браузера... 
[04.10.2024 7:26:39] Ожидание следующей итерации (1 мин)
[04.10.2024 7:27:39] Обнаружение процессов браузера... 
[04.10.2024 7:27:39] Ожидание следующей итерации (1 мин)
[04.10.2024 7:28:39] Обнаружение процессов браузера... 
[04.10.2024 7:28:39] Ожидание следующей итерации (1 мин)
[04.10.2024 7:29:39] Обнаружение процессов браузера... 
[04.10.2024 7:29:39] Ожидание следующей итерации (1 мин)
[04.10.2024 7:30:39] Обнаружение процессов браузера... 
[04.10.2024 7:30:39] Ожидание следующей итерации (1 мин)
[04.10.2024 7:31:39] Обнаружение процессов браузера... 
[04.10.2024 7:31:39] Ожидание следующей итерации (1 мин)
[04.10.2024 7:32:39] Обнаружение процессов браузера... 
[04.10.2024 7:32:39] Ожидание следующей итерации (1 мин)
[04.10.2024 7:33:39] Обнаружение процессов браузера... 
[04.10.2024 7:33:39] Ожидание следующей итерации (1 мин)
[04.10.2024 7:34:39] Обнаружение процессов браузера... 
[04.10.2024 7:34:39] Ожидание следующей итерации (1 мин)
[04.10.2024 7:35:39] Обнаружение процессов браузера... 
[04.10.2024 7:35:39] Ожидание следующей итерации (1 мин)
[04.10.2024 7:36:40] Обнаружение процессов браузера... 
[04.10.2024 7:36:40] Ожидание следующей итерации (1 мин)
[04.10.2024 7:37:40] Обнаружение процессов браузера... 
[04.10.2024 7:37:40] Ожидание следующей итерации (1 мин)
[04.10.2024 7:38:40] Обнаружение процессов браузера... 
[04.10.2024 7:38:40] Ожидание следующей итерации (1 мин)
[04.10.2024 7:39:40] Обнаружение процессов браузера... 
[04.10.2024 7:39:40] Ожидание следующей итерации (1 мин)
[04.10.2024 7:40:40] Обнаружение процессов браузера... 
[04.10.2024 7:40:40] Ожидание следующей итерации (1 мин)
[04.10.2024 7:41:40] Обнаружение процессов браузера... 
[04.10.2024 7:41:40] Ожидание следующей итерации (1 мин)
[04.10.2024 7:42:40] Обнаружение процессов браузера... 
[04.10.2024 7:42:40] Ожидание следующей итерации (1 мин)
[04.10.2024 7:43:40] Обнаружение процессов браузера... 
[04.10.2024 7:43:40] Ожидание следующей итерации (1 мин)
[04.10.2024 7:44:40] Обнаружение процессов браузера... 
[04.10.2024 7:44:40] Ожидание следующей итерации (1 мин)
[04.10.2024 7:45:40] Обнаружение процессов браузера... 
[04.10.2024 7:45:40] Ожидание следующей итерации (1 мин)
[04.10.2024 7:46:40] Обнаружение процессов браузера... 
[04.10.2024 7:46:41] Ожидание следующей итерации (1 мин)
[04.10.2024 7:47:41] Обнаружение процессов браузера... 
[04.10.2024 7:47:41] Ожидание следующей итерации (1 мин)
[04.10.2024 7:48:41] Обнаружение процессов браузера... 
[04.10.2024 7:48:41] Ожидание следующей итерации (1 мин)
[04.10.2024 7:49:41] Обнаружение процессов браузера... 
[04.10.2024 7:49:41] Ожидание следующей итерации (1 мин)
[04.10.2024 7:50:41] Обнаружение процессов браузера... 
[04.10.2024 7:50:41] Ожидание следующей итерации (1 мин)
[04.10.2024 7:51:41] Обнаружение процессов браузера... 
[04.10.2024 7:51:41] Ожидание следующей итерации (1 мин)
[04.10.2024 7:52:41] Обнаружение процессов браузера... 
[04.10.2024 7:52:41] Ожидание следующей итерации (1 мин)
[04.10.2024 7:53:41] Обнаружение процессов браузера... 
[04.10.2024 7:53:41] Ожидание следующей итерации (1 мин)
[04.10.2024 7:54:41] Обнаружение процессов браузера... 
[04.10.2024 7:54:41] Ожидание следующей итерации (1 мин)
[04.10.2024 7:55:41] Обнаружение процессов браузера... 
[04.10.2024 7:55:41] Ожидание следующей итерации (1 мин)
[04.10.2024 7:56:41] Обнаружение процессов браузера... 
[04.10.2024 7:56:42] Ожидание следующей итерации (1 мин)
[04.10.2024 7:57:42] Обнаружение процессов браузера... 
[04.10.2024 7:57:42] Ожидание следующей итерации (1 мин)
[04.10.2024 7:58:42] Обнаружение процессов браузера... 
[04.10.2024 7:58:42] Ожидание следующей итерации (1 мин)
[04.10.2024 7:59:42] Обнаружение процессов браузера... 
[04.10.2024 7:59:42] Ожидание следующей итерации (1 мин)
[04.10.2024 8:00:42] Обнаружение процессов браузера... 
[04.10.2024 8:00:42] Ожидание следующей итерации (1 мин)
[04.10.2024 8:01:42] Обнаружение процессов браузера... 
[04.10.2024 8:01:42] Ожидание следующей итерации (1 мин)
[04.10.2024 8:02:42] Обнаружение процессов браузера... 
[04.10.2024 8:02:42] Ожидание следующей итерации (1 мин)
[04.10.2024 8:03:42] Обнаружение процессов браузера... 
[04.10.2024 8:03:42] Ожидание следующей итерации (1 мин)
[04.10.2024 8:04:42] Обнаружение процессов браузера... 
[04.10.2024 8:04:42] Ожидание следующей итерации (1 мин)
[04.10.2024 8:05:42] Обнаружение процессов браузера... 
[04.10.2024 8:05:42] Ожидание следующей итерации (1 мин)
[04.10.2024 8:06:42] Обнаружение процессов браузера... 
[04.10.2024 8:06:43] Ожидание следующей итерации (1 мин)
[04.10.2024 8:07:43] Обнаружение процессов браузера... 
[04.10.2024 8:07:43] Ожидание следующей итерации (1 мин)
[04.10.2024 8:08:43] Обнаружение процессов браузера... 
[04.10.2024 8:08:43] Ожидание следующей итерации (1 мин)
[04.10.2024 8:09:43] Обнаружение процессов браузера... 
[04.10.2024 8:09:43] Ожидание следующей итерации (1 мин)
[04.10.2024 8:10:43] Обнаружение процессов браузера... 
[04.10.2024 8:10:43] Ожидание следующей итерации (1 мин)
[04.10.2024 8:11:43] Обнаружение процессов браузера... 
[04.10.2024 8:11:43] Ожидание следующей итерации (1 мин)
[04.10.2024 8:12:43] Обнаружение процессов браузера... 
[04.10.2024 8:12:43] Ожидание следующей итерации (1 мин)
[04.10.2024 8:13:43] Обнаружение процессов браузера... 
[04.10.2024 8:13:43] Ожидание следующей итерации (1 мин)
[04.10.2024 8:14:43] Обнаружение процессов браузера... 
[04.10.2024 8:14:43] Ожидание следующей итерации (1 мин)
[04.10.2024 8:15:43] Обнаружение процессов браузера... 
[04.10.2024 8:15:44] Ожидание следующей итерации (1 мин)
[04.10.2024 8:16:44] Обнаружение процессов браузера... 
[04.10.2024 8:16:44] Ожидание следующей итерации (1 мин)
[04.10.2024 8:17:44] Обнаружение процессов браузера... 
[04.10.2024 8:17:44] Ожидание следующей итерации (1 мин)
[04.10.2024 8:18:44] Обнаружение процессов браузера... 
[04.10.2024 8:18:44] Ожидание следующей итерации (1 мин)
[04.10.2024 8:19:44] Обнаружение процессов браузера... 
[04.10.2024 8:19:44] Ожидание следующей итерации (1 мин)
[04.10.2024 8:20:44] Обнаружение процессов браузера... 
[04.10.2024 8:20:44] Ожидание следующей итерации (1 мин)
[04.10.2024 8:21:44] Обнаружение процессов браузера... 
[04.10.2024 8:21:44] Ожидание следующей итерации (1 мин)
[04.10.2024 8:22:44] Обнаружение процессов браузера... 
[04.10.2024 8:22:44] Ожидание следующей итерации (1 мин)
[04.10.2024 8:23:44] Обнаружение процессов браузера... 
[04.10.2024 8:23:44] Ожидание следующей итерации (1 мин)
[04.10.2024 8:24:44] Обнаружение процессов браузера... 
[04.10.2024 8:24:44] Ожидание следующей итерации (1 мин)
[04.10.2024 8:25:44] Обнаружение процессов браузера... 
[04.10.2024 8:25:45] Ожидание следующей итерации (1 мин)
[04.10.2024 8:26:45] Обнаружение процессов браузера... 
[04.10.2024 8:26:45] Ожидание следующей итерации (1 мин)
[04.10.2024 8:27:45] Обнаружение процессов браузера... 
[04.10.2024 8:27:45] Ожидание следующей итерации (1 мин)
[04.10.2024 8:28:45] Обнаружение процессов браузера... 
[04.10.2024 8:28:45] Ожидание следующей итерации (1 мин)
[04.10.2024 8:29:45] Обнаружение процессов браузера... 
[04.10.2024 8:29:45] Ожидание следующей итерации (1 мин)
[04.10.2024 8:30:45] Обнаружение процессов браузера... 
[04.10.2024 8:30:45] Ожидание следующей итерации (1 мин)
[04.10.2024 8:31:45] Обнаружение процессов браузера... 
[04.10.2024 8:31:45] Ожидание следующей итерации (1 мин)
[04.10.2024 8:32:45] Обнаружение процессов браузера... 
[04.10.2024 8:32:45] Ожидание следующей итерации (1 мин)
[04.10.2024 8:33:45] Обнаружение процессов браузера... 
[04.10.2024 8:33:45] Ожидание следующей итерации (1 мин)
[04.10.2024 8:34:45] Обнаружение процессов браузера... 
[04.10.2024 8:34:46] Ожидание следующей итерации (1 мин)
[04.10.2024 8:35:46] Обнаружение процессов браузера... 
[04.10.2024 8:35:46] Ожидание следующей итерации (1 мин)
[04.10.2024 8:36:46] Обнаружение процессов браузера... 
[04.10.2024 8:36:46] Ожидание следующей итерации (1 мин)
[04.10.2024 8:37:46] Обнаружение процессов браузера... 
[04.10.2024 8:37:46] Ожидание следующей итерации (1 мин)
[04.10.2024 8:38:46] Обнаружение процессов браузера... 
[04.10.2024 8:38:46] Ожидание следующей итерации (1 мин)
[04.10.2024 8:39:46] Обнаружение процессов браузера... 
[04.10.2024 8:39:46] Ожидание следующей итерации (1 мин)
[04.10.2024 8:40:46] Обнаружение процессов браузера... 
[04.10.2024 8:40:46] Ожидание следующей итерации (1 мин)
[04.10.2024 8:41:46] Обнаружение процессов браузера... 
[04.10.2024 8:41:46] Ожидание следующей итерации (1 мин)
[04.10.2024 8:42:46] Обнаружение процессов браузера... 
[04.10.2024 8:42:46] Ожидание следующей итерации (1 мин)
[04.10.2024 8:43:46] Обнаружение процессов браузера... 
[04.10.2024 8:43:47] Ожидание следующей итерации (1 мин)
[04.10.2024 8:44:47] Обнаружение процессов браузера... 
[04.10.2024 8:44:47] Ожидание следующей итерации (1 мин)
[04.10.2024 8:45:47] Обнаружение процессов браузера... 
[04.10.2024 8:45:47] Ожидание следующей итерации (1 мин)
[04.10.2024 8:46:47] Обнаружение процессов браузера... 
[04.10.2024 8:46:47] Ожидание следующей итерации (1 мин)
[04.10.2024 8:47:47] Обнаружение процессов браузера... 
[04.10.2024 8:47:47] Ожидание следующей итерации (1 мин)
[04.10.2024 8:48:47] Обнаружение процессов браузера... 
[04.10.2024 8:48:47] Ожидание следующей итерации (1 мин)
[04.10.2024 8:49:47] Обнаружение процессов браузера... 
[04.10.2024 8:49:47] Ожидание следующей итерации (1 мин)
[04.10.2024 8:50:47] Обнаружение процессов браузера... 
[04.10.2024 8:50:47] Ожидание следующей итерации (1 мин)
[04.10.2024 8:51:47] Обнаружение процессов браузера... 
[04.10.2024 8:51:47] Ожидание следующей итерации (1 мин)
[04.10.2024 8:52:47] Обнаружение процессов браузера... 
[04.10.2024 8:52:47] Ожидание следующей итерации (1 мин)
[04.10.2024 8:53:47] Обнаружение процессов браузера... 
[04.10.2024 8:53:48] Ожидание следующей итерации (1 мин)
[04.10.2024 8:54:48] Обнаружение процессов браузера... 
[04.10.2024 8:54:48] Ожидание следующей итерации (1 мин)
[04.10.2024 8:55:48] Обнаружение процессов браузера... 
[04.10.2024 8:55:48] Ожидание следующей итерации (1 мин)
[04.10.2024 8:56:48] Обнаружение процессов браузера... 
[04.10.2024 8:56:48] Ожидание следующей итерации (1 мин)
[04.10.2024 8:57:48] Обнаружение процессов браузера... 
[04.10.2024 8:57:48] Ожидание следующей итерации (1 мин)
[04.10.2024 8:58:48] Обнаружение процессов браузера... 
[04.10.2024 8:58:48] Ожидание следующей итерации (1 мин)
[04.10.2024 8:59:48] Обнаружение процессов браузера... 
[04.10.2024 8:59:48] Ожидание следующей итерации (1 мин)
[04.10.2024 9:00:48] Обнаружение процессов браузера... 
[04.10.2024 9:00:48] Ожидание следующей итерации (1 мин)
[04.10.2024 9:01:48] Обнаружение процессов браузера... 
[04.10.2024 9:01:48] Ожидание следующей итерации (1 мин)
[04.10.2024 9:02:48] Обнаружение процессов браузера... 
[04.10.2024 9:02:49] Ожидание следующей итерации (1 мин)
[04.10.2024 9:03:49] Обнаружение процессов браузера... 
[04.10.2024 9:03:49] Ожидание следующей итерации (1 мин)
[04.10.2024 9:04:49] Обнаружение процессов браузера... 
[04.10.2024 9:04:49] Ожидание следующей итерации (1 мин)
[04.10.2024 9:05:49] Обнаружение процессов браузера... 
[04.10.2024 9:05:49] Ожидание следующей итерации (1 мин)
[04.10.2024 9:06:49] Обнаружение процессов браузера... 
[04.10.2024 9:06:49] Ожидание следующей итерации (1 мин)
[04.10.2024 9:07:49] Обнаружение процессов браузера... 
[04.10.2024 9:07:49] Ожидание следующей итерации (1 мин)
[04.10.2024 9:08:49] Обнаружение процессов браузера... 
[04.10.2024 9:08:49] Ожидание следующей итерации (1 мин)
[04.10.2024 9:09:49] Обнаружение процессов браузера... 
[04.10.2024 9:09:49] Ожидание следующей итерации (1 мин)
[04.10.2024 9:10:49] Обнаружение процессов браузера... 
[04.10.2024 9:10:49] Ожидание следующей итерации (1 мин)
[04.10.2024 9:11:49] Обнаружение процессов браузера... 
[04.10.2024 9:11:49] Ожидание следующей итерации (1 мин)
[04.10.2024 9:12:49] Обнаружение процессов браузера... 
[04.10.2024 9:12:49] Ожидание следующей итерации (1 мин)
[04.10.2024 9:13:49] Обнаружение процессов браузера... 
[04.10.2024 9:13:50] Ожидание следующей итерации (1 мин)
[04.10.2024 9:14:50] Обнаружение процессов браузера... 
[04.10.2024 9:14:50] Ожидание следующей итерации (1 мин)
[04.10.2024 9:15:50] Обнаружение процессов браузера... 
[04.10.2024 9:15:50] Ожидание следующей итерации (1 мин)
[04.10.2024 9:16:50] Обнаружение процессов браузера... 
[04.10.2024 9:16:50] Ожидание следующей итерации (1 мин)
[04.10.2024 9:17:50] Обнаружение процессов браузера... 
[04.10.2024 9:17:50] Ожидание следующей итерации (1 мин)
[04.10.2024 9:18:50] Обнаружение процессов браузера... 
[04.10.2024 9:18:50] Ожидание следующей итерации (1 мин)
[04.10.2024 9:19:50] Обнаружение процессов браузера... 
[04.10.2024 9:19:50] Ожидание следующей итерации (1 мин)
[04.10.2024 9:20:50] Обнаружение процессов браузера... 
[04.10.2024 9:20:50] Ожидание следующей итерации (1 мин)
[04.10.2024 9:21:50] Обнаружение процессов браузера... 
[04.10.2024 9:21:50] Ожидание следующей итерации (1 мин)
[04.10.2024 9:22:50] Обнаружение процессов браузера... 
[04.10.2024 9:22:51] Ожидание следующей итерации (1 мин)
[04.10.2024 9:23:51] Обнаружение процессов браузера... 
[04.10.2024 9:23:51] Ожидание следующей итерации (1 мин)
[04.10.2024 9:24:51] Обнаружение процессов браузера... 
[04.10.2024 9:24:51] Ожидание следующей итерации (1 мин)
[04.10.2024 9:25:51] Обнаружение процессов браузера... 
[04.10.2024 9:25:51] Ожидание следующей итерации (1 мин)
[04.10.2024 9:26:51] Обнаружение процессов браузера... 
[04.10.2024 9:26:51] Ожидание следующей итерации (1 мин)
[04.10.2024 9:27:51] Обнаружение процессов браузера... 
[04.10.2024 9:27:51] Ожидание следующей итерации (1 мин)
[04.10.2024 9:28:51] Обнаружение процессов браузера... 
[04.10.2024 9:28:51] Ожидание следующей итерации (1 мин)
[04.10.2024 9:29:51] Обнаружение процессов браузера... 
[04.10.2024 9:29:51] Ожидание следующей итерации (1 мин)
[04.10.2024 9:30:51] Обнаружение процессов браузера... 
[04.10.2024 9:30:51] Ожидание следующей итерации (1 мин)
[04.10.2024 9:31:51] Обнаружение процессов браузера... 
[04.10.2024 9:31:52] Ожидание следующей итерации (1 мин)
[04.10.2024 9:32:52] Обнаружение процессов браузера... 
[04.10.2024 9:32:52] Ожидание следующей итерации (1 мин)
[04.10.2024 9:33:52] Обнаружение процессов браузера... 
[04.10.2024 9:33:52] Ожидание следующей итерации (1 мин)
[04.10.2024 9:34:52] Обнаружение процессов браузера... 
[04.10.2024 9:34:52] Ожидание следующей итерации (1 мин)
[04.10.2024 9:35:52] Обнаружение процессов браузера... 
[04.10.2024 9:35:52] Ожидание следующей итерации (1 мин)
[04.10.2024 9:36:52] Обнаружение процессов браузера... 
[04.10.2024 9:36:52] Ожидание следующей итерации (1 мин)
[04.10.2024 9:37:52] Обнаружение процессов браузера... 
[04.10.2024 9:37:52] Ожидание следующей итерации (1 мин)
[04.10.2024 9:38:52] Обнаружение процессов браузера... 
[04.10.2024 9:38:52] Ожидание следующей итерации (1 мин)
[04.10.2024 9:39:52] Обнаружение процессов браузера... 
[04.10.2024 9:39:52] Ожидание следующей итерации (1 мин)
[04.10.2024 9:40:52] Обнаружение процессов браузера... 
[04.10.2024 9:40:52] Ожидание следующей итерации (1 мин)
[04.10.2024 9:41:52] Обнаружение процессов браузера... 
[04.10.2024 9:41:53] Ожидание следующей итерации (1 мин)
[04.10.2024 9:42:53] Обнаружение процессов браузера... 
[04.10.2024 9:42:53] Ожидание следующей итерации (1 мин)
[04.10.2024 9:43:53] Обнаружение процессов браузера... 
[04.10.2024 9:43:53] Ожидание следующей итерации (1 мин)
[04.10.2024 9:44:53] Обнаружение процессов браузера... 
[04.10.2024 9:44:53] Ожидание следующей итерации (1 мин)
[04.10.2024 9:45:53] Обнаружение процессов браузера... 
[04.10.2024 9:45:53] Ожидание следующей итерации (1 мин)
[04.10.2024 9:46:53] Обнаружение процессов браузера... 
[04.10.2024 9:46:53] Ожидание следующей итерации (1 мин)
[04.10.2024 9:47:53] Обнаружение процессов браузера... 
[04.10.2024 9:47:53] Ожидание следующей итерации (1 мин)
[04.10.2024 9:48:53] Обнаружение процессов браузера... 
[04.10.2024 9:48:53] Ожидание следующей итерации (1 мин)
[04.10.2024 9:49:53] Обнаружение процессов браузера... 
[04.10.2024 9:49:53] Ожидание следующей итерации (1 мин)
[04.10.2024 9:50:53] Обнаружение процессов браузера... 
[04.10.2024 9:50:54] Ожидание следующей итерации (1 мин)
[04.10.2024 9:51:54] Обнаружение процессов браузера... 
[04.10.2024 9:51:54] Ожидание следующей итерации (1 мин)
[04.10.2024 9:52:54] Обнаружение процессов браузера... 
[04.10.2024 9:52:54] Ожидание следующей итерации (1 мин)
[04.10.2024 9:53:54] Обнаружение процессов браузера... 
[04.10.2024 9:53:54] Ожидание следующей итерации (1 мин)
[04.10.2024 9:54:54] Обнаружение процессов браузера... 
[04.10.2024 9:54:54] Ожидание следующей итерации (1 мин)
[04.10.2024 9:55:54] Обнаружение процессов браузера... 
[04.10.2024 9:55:54] Ожидание следующей итерации (1 мин)
[04.10.2024 9:56:54] Обнаружение процессов браузера... 
[04.10.2024 9:56:54] Ожидание следующей итерации (1 мин)
[04.10.2024 9:57:54] Обнаружение процессов браузера... 
[04.10.2024 9:57:54] Ожидание следующей итерации (1 мин)
[04.10.2024 9:58:54] Обнаружение процессов браузера... 
[04.10.2024 9:58:54] Ожидание следующей итерации (1 мин)
[04.10.2024 9:59:54] Обнаружение процессов браузера... 
[04.10.2024 9:59:54] Ожидание следующей итерации (1 мин)
[04.10.2024 10:00:54] Обнаружение процессов браузера... 
[04.10.2024 10:00:55] Ожидание следующей итерации (1 мин)
[04.10.2024 10:01:55] Обнаружение процессов браузера... 
[04.10.2024 10:01:55] Ожидание следующей итерации (1 мин)
[04.10.2024 10:02:55] Обнаружение процессов браузера... 
[04.10.2024 10:02:55] Ожидание следующей итерации (1 мин)
[04.10.2024 10:03:55] Обнаружение процессов браузера... 
[04.10.2024 10:03:55] Ожидание следующей итерации (1 мин)
[04.10.2024 10:04:55] Обнаружение процессов браузера... 
[04.10.2024 10:04:55] Ожидание следующей итерации (1 мин)
[04.10.2024 10:05:55] Обнаружение процессов браузера... 
[04.10.2024 10:05:55] Ожидание следующей итерации (1 мин)
[04.10.2024 10:06:55] Обнаружение процессов браузера... 
[04.10.2024 10:06:55] Ожидание следующей итерации (1 мин)
[04.10.2024 10:07:55] Обнаружение процессов браузера... 
[04.10.2024 10:07:55] Ожидание следующей итерации (1 мин)
[04.10.2024 10:08:55] Обнаружение процессов браузера... 
[04.10.2024 10:08:55] Ожидание следующей итерации (1 мин)
[04.10.2024 10:09:55] Обнаружение процессов браузера... 
[04.10.2024 10:09:55] Ожидание следующей итерации (1 мин)
[04.10.2024 10:10:55] Обнаружение процессов браузера... 
[04.10.2024 10:10:56] Ожидание следующей итерации (1 мин)
[04.10.2024 10:11:56] Обнаружение процессов браузера... 
[04.10.2024 10:11:56] Ожидание следующей итерации (1 мин)
[04.10.2024 10:12:56] Обнаружение процессов браузера... 
[04.10.2024 10:12:56] Ожидание следующей итерации (1 мин)
[04.10.2024 10:13:56] Обнаружение процессов браузера... 
[04.10.2024 10:13:56] Ожидание следующей итерации (1 мин)
[04.10.2024 10:14:56] Обнаружение процессов браузера... 
[04.10.2024 10:14:56] Ожидание следующей итерации (1 мин)
[04.10.2024 10:15:56] Обнаружение процессов браузера... 
[04.10.2024 10:15:56] Ожидание следующей итерации (1 мин)
[04.10.2024 10:16:56] Обнаружение процессов браузера... 
[04.10.2024 10:16:56] Ожидание следующей итерации (1 мин)
[04.10.2024 10:17:56] Обнаружение процессов браузера... 
[04.10.2024 10:17:56] Ожидание следующей итерации (1 мин)
[04.10.2024 10:18:56] Обнаружение процессов браузера... 
[04.10.2024 10:18:56] Ожидание следующей итерации (1 мин)
[04.10.2024 10:19:56] Обнаружение процессов браузера... 
[04.10.2024 10:19:57] Ожидание следующей итерации (1 мин)
[04.10.2024 10:20:57] Обнаружение процессов браузера... 
[04.10.2024 10:20:57] Ожидание следующей итерации (1 мин)
[04.10.2024 10:21:57] Обнаружение процессов браузера... 
[04.10.2024 10:21:57] Ожидание следующей итерации (1 мин)
[04.10.2024 10:22:57] Обнаружение процессов браузера... 
[04.10.2024 10:22:57] Ожидание следующей итерации (1 мин)
[04.10.2024 10:23:57] Обнаружение процессов браузера... 
[04.10.2024 10:23:57] Ожидание следующей итерации (1 мин)
[04.10.2024 10:24:57] Обнаружение процессов браузера... 
[04.10.2024 10:24:57] Ожидание следующей итерации (1 мин)
[04.10.2024 10:25:57] Обнаружение процессов браузера... 
[04.10.2024 10:25:57] Ожидание следующей итерации (1 мин)
[04.10.2024 10:26:57] Обнаружение процессов браузера... 
[04.10.2024 10:26:57] Ожидание следующей итерации (1 мин)
[04.10.2024 10:27:57] Обнаружение процессов браузера... 
[04.10.2024 10:27:57] Ожидание следующей итерации (1 мин)
[04.10.2024 10:28:57] Обнаружение процессов браузера... 
[04.10.2024 10:28:57] Ожидание следующей итерации (1 мин)
[04.10.2024 10:29:58] Обнаружение процессов браузера... 
[04.10.2024 10:29:58] Ожидание следующей итерации (1 мин)
[04.10.2024 10:30:58] Обнаружение процессов браузера... 
[04.10.2024 10:30:58] Ожидание следующей итерации (1 мин)
[04.10.2024 10:31:58] Обнаружение процессов браузера... 
[04.10.2024 10:31:58] Ожидание следующей итерации (1 мин)
[04.10.2024 10:32:58] Обнаружение процессов браузера... 
[04.10.2024 10:32:58] Ожидание следующей итерации (1 мин)
[04.10.2024 10:33:58] Обнаружение процессов браузера... 
[04.10.2024 10:33:58] Ожидание следующей итерации (1 мин)
[04.10.2024 10:34:58] Обнаружение процессов браузера... 
[04.10.2024 10:34:58] Ожидание следующей итерации (1 мин)
[04.10.2024 10:35:58] Обнаружение процессов браузера... 
[04.10.2024 10:35:58] Ожидание следующей итерации (1 мин)
[04.10.2024 10:36:58] Обнаружение процессов браузера... 
[04.10.2024 10:36:58] Ожидание следующей итерации (1 мин)
[04.10.2024 10:37:58] Обнаружение процессов браузера... 
[04.10.2024 10:37:58] Ожидание следующей итерации (1 мин)
[04.10.2024 10:38:58] Обнаружение процессов браузера... 
[04.10.2024 10:38:58] Ожидание следующей итерации (1 мин)
[04.10.2024 10:39:58] Обнаружение процессов браузера... 
[04.10.2024 10:39:59] Ожидание следующей итерации (1 мин)
[04.10.2024 10:40:59] Обнаружение процессов браузера... 9 aктивных процессов
	- Вывод предупреждения
	- Ожидание 10 сек
[04.10.2024 10:41:09] Сигнал прерывания от пользователя не обнаружен. Завершение сессии
Killing: 2300
Killing: 4060
Killing: 3804
Killing: 3736
Killing: 3872
Killing: 2288
Killing: 2112
Killing: 1448
Killing: 3100
[04.10.2024 10:41:09] Ожидание следующей итерации (1 мин)
